<?xml version="1.0" encoding="UTF-8"?>
<testsuite xmlns:xsi="http://www.w3.org/2001/XMLSchema-instance" xsi:noNamespaceSchemaLocation="https://maven.apache.org/surefire/maven-surefire-plugin/xsd/surefire-test-report.xsd" name="com.practice.calculator.CalculatorTest" time="0.201" tests="5" errors="0" skipped="0" failures="0">
  <properties>
[...]
</properties>
  <testcase name="add" classname="com.practice.calculator.CalculatorTest" time="0.06"/>
  <testcase name="div" classname="com.practice.calculator.CalculatorTest" time="0.022"/>
  <testcase name="mod" classname="com.practice.calculator.CalculatorTest" time="0.001"/>
  <testcase name="mul" classname="com.practice.calculator.CalculatorTest" time="0"/>
  <testcase name="sub" classname="com.practice.calculator.CalculatorTest" time="0.023"/>
</testsuite>